\BOOKMARK [0][-]{chapter.1}{\376\377\000I\000n\000t\000r\000o\000d\000u\000c\000t\000i\000o\000n}{}% 1
\BOOKMARK [0][-]{chapter.2}{\376\377\000F\000i\000r\000s\000t\000\040\000S\000t\000e\000p\000s}{}% 2
\BOOKMARK [1][-]{section.2.1}{\376\377\000P\000r\000e\000r\000e\000q\000u\000i\000s\000i\000t\000e\000s}{chapter.2}% 3
\BOOKMARK [1][-]{section.2.2}{\376\377\000I\000n\000s\000t\000a\000l\000l\000a\000t\000i\000o\000n}{chapter.2}% 4
\BOOKMARK [0][-]{chapter.3}{\376\377\000P\000o\000r\000t\000s}{}% 5
\BOOKMARK [0][-]{chapter.4}{\376\377\000T\000e\000c\000h\000n\000o\000l\000o\000g\000y\000\040\000I\000m\000p\000o\000r\000t}{}% 6
\BOOKMARK [1][-]{section.4.1}{\376\377\000I\000m\000p\000o\000r\000t\000\040\000T\000e\000c\000h\000f\000i\000l\000e\000\040\000\046\000\040\000C\000r\000e\000a\000t\000i\000o\000n\000\040\000o\000f\000\040\000L\000a\000y\000e\000r\000P\000r\000o\000p\000e\000r\000t\000i\000e\000s}{chapter.4}% 7
\BOOKMARK [1][-]{section.4.2}{\376\377\000I\000m\000p\000o\000r\000t\000\040\000o\000f\000\040\000e\000x\000a\000m\000p\000l\000e\000\040\000V\000i\000a\000s}{chapter.4}% 8
\BOOKMARK [1][-]{section.4.3}{\376\377\000L\000a\000y\000e\000r\000m\000a\000p}{chapter.4}% 9
\BOOKMARK [0][-]{chapter.5}{\376\377\000C\000o\000d\000e\000\040\000D\000o\000c\000u\000m\000e\000n\000t\000a\000t\000i\000o\000n}{}% 10
\BOOKMARK [1][-]{section.5.1}{\376\377\000d\000r\000c\000\040\000M\000o\000d\000u\000l\000e}{chapter.5}% 11
\BOOKMARK [2][-]{subsection.5.1.1}{\376\377\000M\000o\000d\000u\000l\000e\000\040\000c\000o\000n\000t\000e\000n\000t\000s}{section.5.1}% 12
\BOOKMARK [2][-]{subsection.5.1.2}{\376\377\000S\000u\000b\000m\000o\000d\000u\000l\000e\000s}{section.5.1}% 13
\BOOKMARK [2][-]{subsection.5.1.3}{\376\377\000M\000u\000l\000t\000i\000p\000r\000o\000c\000e\000s\000s\000i\000n\000g}{section.5.1}% 14
\BOOKMARK [1][-]{section.5.2}{\376\377\000p\000h\000o\000t\000o\000n\000i\000c\000s\000\040\000M\000o\000d\000u\000l\000e}{chapter.5}% 15
\BOOKMARK [2][-]{subsection.5.2.1}{\376\377\000M\000o\000d\000u\000l\000e\000\040\000c\000o\000n\000t\000e\000n\000t\000s}{section.5.2}% 16
\BOOKMARK [2][-]{subsection.5.2.2}{\376\377\000S\000u\000b\000m\000o\000d\000u\000l\000e\000s}{section.5.2}% 17
\BOOKMARK [0][-]{chapter.6}{\376\377\000E\000x\000a\000m\000p\000l\000e\000:\000\040\000C\000r\000e\000a\000t\000e\000\040\000S\000a\000m\000p\000l\000e\000\040\000L\000i\000b\000r\000a\000r\000y}{}% 18
\BOOKMARK [1][-]{section.6.1}{\376\377\000C\000o\000d\000e\000\040\000E\000x\000p\000l\000a\000n\000a\000t\000i\000o\000n}{chapter.6}% 19
\BOOKMARK [0][-]{chapter.7}{\376\377\000T\000i\000p\000s\000\040\000\046\000\040\000T\000r\000i\000c\000k\000s}{}% 20
\BOOKMARK [1][-]{section.7.1}{\376\377\000V\000a\000r\000i\000a\000b\000l\000e\000\040\000N\000a\000m\000e\000s\000\040\000i\000n\000\040\000K\000L\000a\000y\000o\000u\000t\000\040\000P\000y\000t\000h\000o\000n}{chapter.7}% 21
\BOOKMARK [0][-]{chapter.8}{\376\377\000C\000+\000+\000\040\000S\000o\000u\000r\000c\000e\000\040\000C\000o\000d\000e}{}% 22
\BOOKMARK [1][-]{section.8.1}{\376\377\000D\000r\000c\000S\000l\000\040\000S\000o\000u\000r\000c\000e}{chapter.8}% 23
\BOOKMARK [1][-]{section.8.2}{\376\377\000C\000l\000e\000a\000n\000e\000r\000M\000a\000s\000t\000e\000r\000\040\000S\000o\000u\000r\000c\000e}{chapter.8}% 24
\BOOKMARK [1][-]{section.8.3}{\376\377\000C\000l\000e\000a\000n\000e\000r\000M\000a\000i\000n\000\040\000S\000o\000u\000r\000c\000e}{chapter.8}% 25
\BOOKMARK [1][-]{section.8.4}{\376\377\000C\000l\000e\000a\000n\000e\000r\000S\000l\000a\000v\000e\000\040\000S\000o\000u\000r\000c\000e}{chapter.8}% 26
\BOOKMARK [0][-]{section*.83}{\376\377\000P\000y\000t\000h\000o\000n\000\040\000M\000o\000d\000u\000l\000e\000\040\000I\000n\000d\000e\000x}{}% 27
\BOOKMARK [0][-]{section*.84}{\376\377\000I\000n\000d\000e\000x}{}% 28
